#
# There is insufficient memory for the Java Runtime Environment to continue.
# Native memory allocation (malloc) failed to allocate 32744 bytes for ChunkPool::allocate
# Possible reasons:
#   The system is out of physical RAM or swap space
#   In 32 bit mode, the process size limit was hit
# Possible solutions:
#   Reduce memory load on the system
#   Increase physical memory or swap space
#   Check if swap backing store is full
#   Use 64 bit Java on a 64 bit OS
#   Decrease Java heap size (-Xmx/-Xms)
#   Decrease number of Java threads
#   Decrease Java thread stack sizes (-Xss)
#   Set larger code cache with -XX:ReservedCodeCacheSize=
# This output file may be truncated or incomplete.
#
#  Out of Memory Error (allocation.cpp:273), pid=18112, tid=0x000000000000443c
#
# JRE version: Java(TM) SE Runtime Environment (8.0_161-b12) (build 1.8.0_161-b12)
# Java VM: Java HotSpot(TM) 64-Bit Server VM (25.161-b12 mixed mode windows-amd64 compressed oops)
# Failed to write core dump. Minidumps are not enabled by default on client versions of Windows
#

---------------  T H R E A D  ---------------

Current thread (0x0000000017cf9800):  JavaThread "C2 CompilerThread0" daemon [_thread_in_native, id=17468, stack(0x0000000019640000,0x0000000019740000)]

Stack: [0x0000000019640000,0x0000000019740000]
[error occurred during error reporting (printing stack bounds), id 0xc0000005]

Native frames: (J=compiled Java code, j=interpreted, Vv=VM code, C=native code)


Current CompileTask:
C2:   6599 1025       4       java.awt.Container::findComponentAtImpl (161 bytes)


---------------  P R O C E S S  ---------------

Java Threads: ( => current thread )
  0x0000000002c1e000 JavaThread "DestroyJavaVM" [_thread_blocked, id=20508, stack(0x0000000002c20000,0x0000000002d20000)]
  0x0000000019e6e000 JavaThread "TimerQueue" daemon [_thread_blocked, id=21440, stack(0x000000001c350000,0x000000001c450000)]
  0x0000000019ca6800 JavaThread "AWT-EventQueue-0" [_thread_blocked, id=21180, stack(0x000000001b020000,0x000000001b120000)]
  0x000000001940a000 JavaThread "AWT-Windows" daemon [_thread_in_native, id=21156, stack(0x000000001a640000,0x000000001a740000)]
  0x0000000019406000 JavaThread "AWT-Shutdown" [_thread_blocked, id=20488, stack(0x000000001a540000,0x000000001a640000)]
  0x0000000019c63000 JavaThread "Java2D Disposer" daemon [_thread_blocked, id=13112, stack(0x000000001a420000,0x000000001a520000)]
  0x00000000190d5000 JavaThread "Service Thread" daemon [_thread_blocked, id=15848, stack(0x0000000019940000,0x0000000019a40000)]
  0x0000000017d0f800 JavaThread "C1 CompilerThread2" daemon [_thread_blocked, id=7024, stack(0x0000000019840000,0x0000000019940000)]
  0x0000000017cff000 JavaThread "C2 CompilerThread1" daemon [_thread_blocked, id=2240, stack(0x0000000019740000,0x0000000019840000)]
=>0x0000000017cf9800 JavaThread "C2 CompilerThread0" daemon [_thread_in_native, id=17468, stack(0x0000000019640000,0x0000000019740000)]
  0x0000000019083000 JavaThread "Attach Listener" daemon [_thread_blocked, id=20848, stack(0x0000000019540000,0x0000000019640000)]
  0x0000000019082800 JavaThread "Signal Dispatcher" daemon [_thread_blocked, id=19856, stack(0x0000000019440000,0x0000000019540000)]
  0x00000000031ab000 JavaThread "Finalizer" daemon [_thread_blocked, id=19868, stack(0x0000000018f40000,0x0000000019040000)]
  0x00000000031a0000 JavaThread "Reference Handler" daemon [_thread_blocked, id=19244, stack(0x0000000018e40000,0x0000000018f40000)]

Other Threads:
  0x0000000017ca8000 VMThread [stack: 0x0000000018d40000,0x0000000018e40000] [id=21004]
  0x00000000190ef800 WatcherThread [stack: 0x0000000019a40000,0x0000000019b40000] [id=1124]

VM state:not at safepoint (normal execution)

VM Mutex/Monitor currently owned by a thread: None

Heap:
 PSYoungGen      total 38400K, used 16679K [0x00000000d5f00000, 0x00000000d8980000, 0x0000000100000000)
  eden space 33280K, 50% used [0x00000000d5f00000,0x00000000d6f49d30,0x00000000d7f80000)
  from space 5120K, 0% used [0x00000000d8480000,0x00000000d8480000,0x00000000d8980000)
  to   space 5120K, 0% used [0x00000000d7f80000,0x00000000d7f80000,0x00000000d8480000)
 ParOldGen       total 87552K, used 0K [0x0000000081c00000, 0x0000000087180000, 0x00000000d5f00000)
  object space 87552K, 0% used [0x0000000081c00000,0x0000000081c00000,0x0000000087180000)
 Metaspace       used 15061K, capacity 15228K, committed 15488K, reserved 1062912K
  class space    used 1826K, capacity 1894K, committed 1920K, reserved 1048576K

Card table byte_map: [0x0000000012570000,0x0000000012970000] byte_map_base: 0x0000000012162000

Marking Bits: (ParMarkBitMap*) 0x000000007618f860
 Begin Bits: [0x0000000013020000, 0x0000000014fb0000)
 End Bits:   [0x0000000014fb0000, 0x0000000016f40000)

Polling page: 0x0000000001350000

CodeCache: size=245760Kb used=3643Kb max_used=3654Kb free=242116Kb
 bounds [0x00000000031b0000, 0x0000000003550000, 0x00000000121b0000]
 total_blobs=1542 nmethods=1025 adapters=430
 compilation: enabled

Compilation events (10 events):
Event: 6.108 Thread 0x0000000017d0f800 nmethod 1020 0x0000000003536150 code [0x00000000035362c0, 0x00000000035366c8]
Event: 6.108 Thread 0x0000000017d0f800 1021       3       sun.java2d.SunGraphics2D::translate (68 bytes)
Event: 6.108 Thread 0x0000000017d0f800 nmethod 1021 0x0000000003534310 code [0x00000000035344a0, 0x00000000035347f8]
Event: 6.108 Thread 0x0000000017d0f800 1022       3       java.awt.geom.AffineTransform::translate (547 bytes)
Event: 6.109 Thread 0x0000000017d0f800 nmethod 1022 0x0000000003539810 code [0x00000000035399c0, 0x000000000353a548]
Event: 6.114 Thread 0x0000000017d0f800 1023       3       sun.awt.windows.WComponentPeer::handleJavaMouseEvent (76 bytes)
Event: 6.115 Thread 0x0000000017d0f800 nmethod 1023 0x000000000353a690 code [0x000000000353a8c0, 0x000000000353b6f8]
Event: 6.135 Thread 0x0000000017d0f800 1024   !   3       java.awt.KeyboardFocusManager::retargetFocusEvent (244 bytes)
Event: 6.137 Thread 0x0000000017d0f800 nmethod 1024 0x000000000353bc10 code [0x000000000353c080, 0x000000000353efd8]
Event: 6.496 Thread 0x0000000017cf9800 1025       4       java.awt.Container::findComponentAtImpl (161 bytes)

GC Heap History (0 events):
No events

Deoptimization events (5 events):
Event: 0.479 Thread 0x0000000002c1e000 Uncommon trap: reason=unstable_if action=reinterpret pc=0x00000000033e1d64 method=java.io.BufferedReader.read()I @ 19
Event: 1.633 Thread 0x0000000019ca6800 Uncommon trap: reason=class_check action=maybe_recompile pc=0x00000000032c9828 method=java.lang.String.equals(Ljava/lang/Object;)Z @ 8
Event: 1.633 Thread 0x0000000019ca6800 Uncommon trap: reason=class_check action=maybe_recompile pc=0x00000000032c9828 method=java.lang.String.equals(Ljava/lang/Object;)Z @ 8
Event: 1.726 Thread 0x0000000019ca6800 Uncommon trap: reason=class_check action=maybe_recompile pc=0x00000000032c9828 method=java.lang.String.equals(Ljava/lang/Object;)Z @ 8
Event: 1.726 Thread 0x0000000019ca6800 Uncommon trap: reason=class_check action=maybe_recompile pc=0x00000000032c9828 method=java.lang.String.equals(Ljava/lang/Object;)Z @ 8

Classes redefined (0 events):
No events

Internal exceptions (10 events):
Event: 0.438 Thread 0x0000000002c1e000 Exception <a 'java/lang/ArrayIndexOutOfBoundsException'> (0x00000000d65bd478) thrown at [C:\re\workspace\8-2-build-windows-amd64-cygwin\jdk8u161\10277\hotspot\src\share\vm\runtime\sharedRuntime.cpp, line 605]
Event: 0.440 Thread 0x0000000002c1e000 Exception <a 'java/lang/ArrayIndexOutOfBoundsException'> (0x00000000d65becd8) thrown at [C:\re\workspace\8-2-build-windows-amd64-cygwin\jdk8u161\10277\hotspot\src\share\vm\runtime\sharedRuntime.cpp, line 605]
Event: 0.448 Thread 0x0000000002c1e000 Exception <a 'java/lang/ArrayIndexOutOfBoundsException'> (0x00000000d65e50b8) thrown at [C:\re\workspace\8-2-build-windows-amd64-cygwin\jdk8u161\10277\hotspot\src\share\vm\runtime\sharedRuntime.cpp, line 605]
Event: 0.448 Thread 0x0000000002c1e000 Exception <a 'java/lang/ArrayIndexOutOfBoundsException'> (0x00000000d65e6320) thrown at [C:\re\workspace\8-2-build-windows-amd64-cygwin\jdk8u161\10277\hotspot\src\share\vm\runtime\sharedRuntime.cpp, line 605]
Event: 0.449 Thread 0x0000000002c1e000 Exception <a 'java/lang/ArrayIndexOutOfBoundsException'> (0x00000000d65e7c08) thrown at [C:\re\workspace\8-2-build-windows-amd64-cygwin\jdk8u161\10277\hotspot\src\share\vm\runtime\sharedRuntime.cpp, line 605]
Event: 0.457 Thread 0x0000000002c1e000 Exception <a 'java/lang/ArrayIndexOutOfBoundsException'> (0x00000000d660ddd0) thrown at [C:\re\workspace\8-2-build-windows-amd64-cygwin\jdk8u161\10277\hotspot\src\share\vm\runtime\sharedRuntime.cpp, line 605]
Event: 0.461 Thread 0x0000000002c1e000 Exception <a 'java/lang/ArrayIndexOutOfBoundsException'> (0x00000000d661bd40) thrown at [C:\re\workspace\8-2-build-windows-amd64-cygwin\jdk8u161\10277\hotspot\src\share\vm\runtime\sharedRuntime.cpp, line 605]
Event: 5.309 Thread 0x0000000019ca6800 Exception <a 'java/lang/OutOfMemoryError': (class: oracle/security/o3logon/b, method: <clinit> signature: ()V) > (0x00000000d6f0d430) thrown at [C:\re\workspace\8-2-build-windows-amd64-cygwin\jdk8u161\10277\hotspot\src\share\vm\classfile\verifier.cpp, lin
Event: 5.309 Thread 0x0000000019ca6800 Exception <a 'java/lang/OutOfMemoryError'> (0x00000000d6f0d430) thrown at [C:\re\workspace\8-2-build-windows-amd64-cygwin\jdk8u161\10277\hotspot\src\share\vm\prims\jvm.cpp, line 1394]
Event: 5.309 Thread 0x0000000019ca6800 Exception <a 'java/lang/OutOfMemoryError'> (0x00000000d6f0d430) thrown at [C:\re\workspace\8-2-build-windows-amd64-cygwin\jdk8u161\10277\hotspot\src\share\vm\prims\jvm.cpp, line 1394]

Events (10 events):
Event: 5.262 loading class java/security/MessageDigest
Event: 5.262 loading class java/security/MessageDigestSpi
Event: 5.262 loading class java/security/MessageDigestSpi done
Event: 5.262 loading class java/security/MessageDigest done
Event: 5.262 loading class oracle/security/o3logon/b
Event: 5.262 loading class oracle/security/o3logon/b done
Event: 5.309 loading class java/lang/Throwable$WrappedPrintStream
Event: 5.309 loading class java/lang/Throwable$PrintStreamOrWriter
Event: 5.310 loading class java/lang/Throwable$PrintStreamOrWriter done
Event: 5.310 loading class java/lang/Throwable$WrappedPrintStream done


Dynamic libraries:
0x00007ff7083b0000 - 0x00007ff7083e7000 	E:\Java\bin\javaw.exe
0x00007ff979560000 - 0x00007ff979750000 	C:\WINDOWS\SYSTEM32\ntdll.dll
0x00007ff978340000 - 0x00007ff9783f2000 	C:\WINDOWS\System32\KERNEL32.DLL
0x00007ff976f30000 - 0x00007ff9771d3000 	C:\WINDOWS\System32\KERNELBASE.dll
0x00007ff9778b0000 - 0x00007ff977953000 	C:\WINDOWS\System32\ADVAPI32.dll
0x00007ff977960000 - 0x00007ff9779fe000 	C:\WINDOWS\System32\msvcrt.dll
0x00007ff978250000 - 0x00007ff9782e7000 	C:\WINDOWS\System32\sechost.dll
0x00007ff978b80000 - 0x00007ff978ca0000 	C:\WINDOWS\System32\RPCRT4.dll
0x00007ff979380000 - 0x00007ff979514000 	C:\WINDOWS\System32\USER32.dll
0x00007ff9773e0000 - 0x00007ff977401000 	C:\WINDOWS\System32\win32u.dll
0x00007ff9782f0000 - 0x00007ff978316000 	C:\WINDOWS\System32\GDI32.dll
0x00007ff976510000 - 0x00007ff9766a4000 	C:\WINDOWS\System32\gdi32full.dll
0x00007ff977410000 - 0x00007ff9774ae000 	C:\WINDOWS\System32\msvcp_win.dll
0x00007ff9766b0000 - 0x00007ff9767aa000 	C:\WINDOWS\System32\ucrtbase.dll
0x00007ff966a70000 - 0x00007ff966cf5000 	C:\WINDOWS\WinSxS\amd64_microsoft.windows.common-controls_6595b64144ccf1df_6.0.18362.720_none_e6beb5c51314836b\COMCTL32.dll
0x00007ff977d80000 - 0x00007ff9780b6000 	C:\WINDOWS\System32\combase.dll
0x00007ff9774b0000 - 0x00007ff977530000 	C:\WINDOWS\System32\bcryptPrimitives.dll
0x00007ff978220000 - 0x00007ff97824e000 	C:\WINDOWS\System32\IMM32.DLL
0x00000000503e0000 - 0x00000000504b2000 	E:\Java\bin\msvcr100.dll
0x0000000075970000 - 0x000000007620f000 	E:\Java\bin\server\jvm.dll
0x00007ff978320000 - 0x00007ff978328000 	C:\WINDOWS\System32\PSAPI.DLL
0x00007ff95e120000 - 0x00007ff95e129000 	C:\WINDOWS\SYSTEM32\WSOCK32.dll
0x00007ff9701c0000 - 0x00007ff9701e4000 	C:\WINDOWS\SYSTEM32\WINMM.dll
0x00007ff978b10000 - 0x00007ff978b7f000 	C:\WINDOWS\System32\WS2_32.dll
0x00007ff96f7d0000 - 0x00007ff96f7da000 	C:\WINDOWS\SYSTEM32\VERSION.dll
0x00007ff9700f0000 - 0x00007ff97011d000 	C:\WINDOWS\SYSTEM32\WINMMBASE.dll
0x00007ff9775c0000 - 0x00007ff97760a000 	C:\WINDOWS\System32\cfgmgr32.dll
0x00000000503d0000 - 0x00000000503df000 	E:\Java\bin\verify.dll
0x0000000050030000 - 0x0000000050059000 	E:\Java\bin\java.dll
0x0000000050010000 - 0x0000000050026000 	E:\Java\bin\zip.dll
0x00007ff978400000 - 0x00007ff978ae5000 	C:\WINDOWS\System32\SHELL32.dll
0x00007ff977c50000 - 0x00007ff977cf9000 	C:\WINDOWS\System32\shcore.dll
0x00007ff9767b0000 - 0x00007ff976f30000 	C:\WINDOWS\System32\windows.storage.dll
0x00007ff976450000 - 0x00007ff976473000 	C:\WINDOWS\System32\profapi.dll
0x00007ff9764a0000 - 0x00007ff9764ea000 	C:\WINDOWS\System32\powrprof.dll
0x00007ff976420000 - 0x00007ff976430000 	C:\WINDOWS\System32\UMPDC.dll
0x00007ff977690000 - 0x00007ff9776e2000 	C:\WINDOWS\System32\shlwapi.dll
0x00007ff976480000 - 0x00007ff976491000 	C:\WINDOWS\System32\kernel.appcore.dll
0x00007ff9764f0000 - 0x00007ff976507000 	C:\WINDOWS\System32\cryptsp.dll
0x00000000757d0000 - 0x0000000075968000 	E:\Java\bin\awt.dll
0x00007ff9792b0000 - 0x00007ff979374000 	C:\WINDOWS\System32\OLEAUT32.dll
0x00007ff9745c0000 - 0x00007ff97464f000 	C:\WINDOWS\SYSTEM32\apphelp.dll
0x00007ff974bc0000 - 0x00007ff974bed000 	C:\WINDOWS\system32\DWMAPI.DLL
0x00007ff9747a0000 - 0x00007ff974839000 	C:\WINDOWS\system32\uxtheme.dll
0x00007ff9556b0000 - 0x00007ff955806000 	C:\WINDOWS\system32\opengl32.dll
0x00007ff970b80000 - 0x00007ff970bac000 	C:\WINDOWS\SYSTEM32\GLU32.dll
0x00007ff9752c0000 - 0x00007ff9752e0000 	C:\WINDOWS\SYSTEM32\dxcore.dll
0x00007ff977a00000 - 0x00007ff977b36000 	C:\WINDOWS\System32\MSCTF.dll
0x00007ff9780c0000 - 0x00007ff978217000 	C:\WINDOWS\System32\ole32.dll
0x0000000077970000 - 0x00000000779b7000 	E:\Java\bin\fontmanager.dll
0x00007ff977ba0000 - 0x00007ff977c42000 	C:\WINDOWS\System32\clbcatq.dll
0x00007ff96edb0000 - 0x00007ff96ef5f000 	C:\WINDOWS\SYSTEM32\WindowsCodecs.dll
0x00007ff95f950000 - 0x00007ff95f98a000 	C:\WINDOWS\system32\dataexchange.dll
0x00007ff973e60000 - 0x00007ff97403b000 	C:\WINDOWS\system32\dcomp.dll
0x00007ff9737a0000 - 0x00007ff9739fb000 	C:\WINDOWS\system32\d3d11.dll
0x00007ff975100000 - 0x00007ff9751eb000 	C:\WINDOWS\system32\dxgi.dll
0x00007ff974870000 - 0x00007ff974aca000 	C:\WINDOWS\system32\twinapi.appcore.dll
0x00007ff974cd0000 - 0x00007ff974cf9000 	C:\WINDOWS\system32\RMCLIENT.dll
0x00007ff95f820000 - 0x00007ff95f8be000 	C:\WINDOWS\System32\TextInputFramework.dll
0x00007ff9743b0000 - 0x00007ff974484000 	C:\WINDOWS\System32\CoreMessaging.dll
0x00007ff96ef70000 - 0x00007ff96f29a000 	C:\WINDOWS\System32\CoreUIComponents.dll
0x00007ff975480000 - 0x00007ff9754b1000 	C:\WINDOWS\SYSTEM32\ntmarta.dll
0x00007ff971ed0000 - 0x00007ff972023000 	C:\WINDOWS\SYSTEM32\wintypes.dll
0x0000000077950000 - 0x000000007796a000 	E:\Java\bin\net.dll
0x00007ff975c90000 - 0x00007ff975cf7000 	C:\WINDOWS\system32\mswsock.dll
0x0000000077930000 - 0x0000000077941000 	E:\Java\bin\nio.dll
0x00000000778e0000 - 0x0000000077922000 	E:\Java\bin\t2k.dll
0x0000000050000000 - 0x000000005000d000 	E:\Java\bin\management.dll
0x00007ff968b50000 - 0x00007ff968df6000 	C:\WINDOWS\System32\iertutil.dll
0x00007ff945f80000 - 0x00007ff94604f000 	C:\Windows\System32\IME\IMEKR\imkrtip.dll
0x00007ff972240000 - 0x00007ff97232f000 	C:\WINDOWS\SYSTEM32\PROPSYS.dll
0x00007ff945e40000 - 0x00007ff945f79000 	C:\Windows\System32\IME\shared\imetip.dll
0x00007ff9721b0000 - 0x00007ff972215000 	C:\WINDOWS\SYSTEM32\OLEACC.dll
0x00007ff9503d0000 - 0x00007ff950583000 	C:\WINDOWS\SYSTEM32\DUI70.dll
0x00007ff947990000 - 0x00007ff9479cd000 	C:\Windows\System32\IME\IMEKR\imkrapi.dll
0x00007ff945d70000 - 0x00007ff945dac000 	C:\Windows\System32\IME\shared\imjkapi.dll
0x00007ff95fd30000 - 0x00007ff95fd46000 	C:\WINDOWS\system32\napinsp.dll
0x00007ff95fd10000 - 0x00007ff95fd2a000 	C:\WINDOWS\system32\pnrpnsp.dll
0x00007ff9759e0000 - 0x00007ff975aaa000 	C:\WINDOWS\SYSTEM32\DNSAPI.dll
0x00007ff9776f0000 - 0x00007ff9776f8000 	C:\WINDOWS\System32\NSI.dll
0x00007ff9759a0000 - 0x00007ff9759da000 	C:\WINDOWS\SYSTEM32\IPHLPAPI.DLL
0x00007ff95fd00000 - 0x00007ff95fd0e000 	C:\WINDOWS\System32\winrnr.dll
0x00007ff972f70000 - 0x00007ff972f8c000 	C:\WINDOWS\system32\NLAapi.dll
0x00007ff95fce0000 - 0x00007ff95fcf5000 	C:\WINDOWS\system32\wshbth.dll
0x00007ff968e00000 - 0x00007ff968e0a000 	C:\Windows\System32\rasadhlp.dll
0x00007ff96eba0000 - 0x00007ff96ec17000 	C:\WINDOWS\System32\fwpuclnt.dll
0x00007ff977590000 - 0x00007ff9775b6000 	C:\WINDOWS\System32\bcrypt.dll

VM Arguments:
jvm_args: -Dfile.encoding=UTF-8 
java_command: t_teamproject.teamproject_02.temp.Main
java_class_path (initial): E:\eclipse-workspace\JavaBasic\JavaBasic\bin;E:\eclipse-workspace\JavaBasic\JavaBasic\src\l_lib\ojdbc6.jar
Launcher Type: SUN_STANDARD

Environment Variables:
JAVA_HOME=C:\Program Files\Java\jdk-12.0.2
PATH=C:/Program Files/Java/jdk-12.0.2/bin/server;C:/Program Files/Java/jdk-12.0.2/bin;E:\oraclexe\app\oracle\product\11.2.0\server\bin;c:\windows\system32;c:\windows;c:\windows\system32\wbem;c:\windows\system32\windowspowershell\v1.0\;c:\windows\system32\openssh\;c:\program files\dotnet\;c:\program files\microsoft sql server\130\tools\binn\;c:\program files\microsoft vs code\bin;c:\program files\nvidia corporation\nvidia nvdlisr;C:\Program Files\Java\jdk-12.0.2\bin;C:\Program Files (x86)\NVIDIA Corporation\PhysX\Common;E:\Android\sdk\platform-tools;C:\WINDOWS\system32;C:\WINDOWS;C:\WINDOWS\System32\Wbem;C:\WINDOWS\System32\WindowsPowerShell\v1.0\;C:\WINDOWS\System32\OpenSSH\;E:\Program Files\Git\cmd;E:\Program Files\apache-maven\apache-maven-3.6.3\bin;C:\Users\aaaaaa\Anaconda3;C:\Users\aaaaaa\Anaconda3\Library\mingw-w64\bin;C:\Users\aaaaaa\Anaconda3\Library\usr\bin;C:\Users\aaaaaa\Anaconda3\Library\bin;C:\Users\aaaaaa\Anaconda3\Scripts;C:\Users\aaaaaa\AppData\Local\Programs\Python\Python38-32\Scripts\;C:\Users\aaaaaa\AppData\Local\Programs\Python\Python38-32\;C:\Program Files\MySQL\MySQL Shell 8.0\bin\;C:\Users\aaaaaa\AppData\Local\Microsoft\WindowsApps;C:\Users\aaaaaa\Desktop;
USERNAME=aaaaaa
OS=Windows_NT
PROCESSOR_IDENTIFIER=Intel64 Family 6 Model 158 Stepping 9, GenuineIntel



---------------  S Y S T E M  ---------------

OS: Windows 10.0 , 64 bit Build 18362 (10.0.18362.329)

CPU:total 4 (initial active 4) (2 cores per cpu, 2 threads per core) family 6 model 158 stepping 9, cmov, cx8, fxsr, mmx, sse, sse2, sse3, ssse3, sse4.1, sse4.2, popcnt, aes, clmul, erms, 3dnowpref, lzcnt, ht, tsc, tscinvbit

Memory: 4k page, physical 8269956k(2064568k free), swap 16658564k(3528k free)

vm_info: Java HotSpot(TM) 64-Bit Server VM (25.161-b12) for windows-amd64 JRE (1.8.0_161-b12), built on Dec 19 2017 17:52:25 by "java_re" with MS VC++ 10.0 (VS2010)

time: Fri Apr 17 23:19:19 2020
elapsed time: 6 seconds (0d 0h 0m 6s)

