#
# There is insufficient memory for the Java Runtime Environment to continue.
# Native memory allocation (malloc) failed to allocate 32784 bytes for Chunk::new
# Possible reasons:
#   The system is out of physical RAM or swap space
#   In 32 bit mode, the process size limit was hit
# Possible solutions:
#   Reduce memory load on the system
#   Increase physical memory or swap space
#   Check if swap backing store is full
#   Use 64 bit Java on a 64 bit OS
#   Decrease Java heap size (-Xmx/-Xms)
#   Decrease number of Java threads
#   Decrease Java thread stack sizes (-Xss)
#   Set larger code cache with -XX:ReservedCodeCacheSize=
# This output file may be truncated or incomplete.
#
#  Out of Memory Error (allocation.cpp:390), pid=18244, tid=0x0000000000002170
#
# JRE version: Java(TM) SE Runtime Environment (8.0_161-b12) (build 1.8.0_161-b12)
# Java VM: Java HotSpot(TM) 64-Bit Server VM (25.161-b12 mixed mode windows-amd64 compressed oops)
# Failed to write core dump. Minidumps are not enabled by default on client versions of Windows
#

---------------  T H R E A D  ---------------

Current thread (0x0000000017f04800):  JavaThread "C1 CompilerThread2" daemon [_thread_in_native, id=8560, stack(0x0000000019a40000,0x0000000019b40000)]

Stack: [0x0000000019a40000,0x0000000019b40000]
[error occurred during error reporting (printing stack bounds), id 0xc0000005]

Native frames: (J=compiled Java code, j=interpreted, Vv=VM code, C=native code)


Current CompileTask:
C1:   5465 1635   !   3       java.awt.DefaultKeyboardFocusManager::dispatchEvent (1589 bytes)


---------------  P R O C E S S  ---------------

Java Threads: ( => current thread )
  0x000000001934c000 JavaThread "Image Fetcher 0" daemon [_thread_blocked, id=4852, stack(0x000000001ce30000,0x000000001cf30000)]
  0x0000000002d8e000 JavaThread "DestroyJavaVM" [_thread_blocked, id=15100, stack(0x00000000031b0000,0x00000000032b0000)]
  0x000000001a098000 JavaThread "TimerQueue" daemon [_thread_blocked, id=19400, stack(0x000000001c420000,0x000000001c520000)]
  0x0000000019ec4800 JavaThread "AWT-EventQueue-0" [_thread_in_native, id=5952, stack(0x000000001b2c0000,0x000000001b3c0000)]
  0x0000000019603800 JavaThread "AWT-Windows" daemon [_thread_in_native, id=12860, stack(0x000000001a8e0000,0x000000001a9e0000)]
  0x0000000019e63800 JavaThread "AWT-Shutdown" [_thread_blocked, id=15852, stack(0x000000001a7e0000,0x000000001a8e0000)]
  0x0000000019e62800 JavaThread "Java2D Disposer" daemon [_thread_blocked, id=7188, stack(0x000000001a6e0000,0x000000001a7e0000)]
  0x00000000192d4000 JavaThread "Service Thread" daemon [_thread_blocked, id=7864, stack(0x0000000019b40000,0x0000000019c40000)]
=>0x0000000017f04800 JavaThread "C1 CompilerThread2" daemon [_thread_in_native, id=8560, stack(0x0000000019a40000,0x0000000019b40000)]
  0x0000000017f00000 JavaThread "C2 CompilerThread1" daemon [_thread_in_native, id=16504, stack(0x0000000019940000,0x0000000019a40000)]
  0x0000000017efa800 JavaThread "C2 CompilerThread0" daemon [_thread_blocked, id=12296, stack(0x0000000019840000,0x0000000019940000)]
  0x0000000019283000 JavaThread "Attach Listener" daemon [_thread_blocked, id=7824, stack(0x0000000019740000,0x0000000019840000)]
  0x0000000019282800 JavaThread "Signal Dispatcher" daemon [_thread_blocked, id=11012, stack(0x0000000019640000,0x0000000019740000)]
  0x00000000033ab000 JavaThread "Finalizer" daemon [_thread_blocked, id=6008, stack(0x0000000019140000,0x0000000019240000)]
  0x00000000033a0000 JavaThread "Reference Handler" daemon [_thread_blocked, id=12884, stack(0x0000000019040000,0x0000000019140000)]

Other Threads:
  0x0000000017ea8000 VMThread [stack: 0x0000000018f40000,0x0000000019040000] [id=7604]
  0x00000000192ea800 WatcherThread [stack: 0x0000000019c40000,0x0000000019d40000] [id=13892]

VM state:not at safepoint (normal execution)

VM Mutex/Monitor currently owned by a thread: None

Heap:
 PSYoungGen      total 38400K, used 16497K [0x00000000d5f00000, 0x00000000d8980000, 0x0000000100000000)
  eden space 33280K, 34% used [0x00000000d5f00000,0x00000000d6a22128,0x00000000d7f80000)
  from space 5120K, 99% used [0x00000000d7f80000,0x00000000d847a628,0x00000000d8480000)
  to   space 5120K, 0% used [0x00000000d8480000,0x00000000d8480000,0x00000000d8980000)
 ParOldGen       total 87552K, used 3668K [0x0000000081c00000, 0x0000000087180000, 0x00000000d5f00000)
  object space 87552K, 4% used [0x0000000081c00000,0x0000000081f953b8,0x0000000087180000)
 Metaspace       used 20790K, capacity 21056K, committed 21248K, reserved 1067008K
  class space    used 2604K, capacity 2698K, committed 2816K, reserved 1048576K

Card table byte_map: [0x0000000012770000,0x0000000012b70000] byte_map_base: 0x0000000012362000

Marking Bits: (ParMarkBitMap*) 0x0000000077a3f860
 Begin Bits: [0x0000000013220000, 0x00000000151b0000)
 End Bits:   [0x00000000151b0000, 0x0000000017140000)

Polling page: 0x0000000001030000

CodeCache: size=245760Kb used=5235Kb max_used=5235Kb free=240524Kb
 bounds [0x00000000033b0000, 0x00000000038d0000, 0x00000000123b0000]
 total_blobs=2240 nmethods=1634 adapters=519
 compilation: enabled

Compilation events (10 events):
Event: 5.322 Thread 0x0000000017f04800 1630       3       javax.swing.JComponent::getFontMetrics (6 bytes)
Event: 5.324 Thread 0x0000000017f04800 nmethod 1630 0x00000000038c3350 code [0x00000000038c34e0, 0x00000000038c3998]
Event: 5.324 Thread 0x0000000017f04800 1631       3       sun.swing.SwingUtilities2::getFontMetrics (19 bytes)
Event: 5.324 Thread 0x0000000017f04800 nmethod 1631 0x00000000038c8ad0 code [0x00000000038c8c60, 0x00000000038c9098]
Event: 5.324 Thread 0x0000000017f04800 1632       3       sun.font.FileFontStrike::getGlyphImagePtr (126 bytes)
Event: 5.325 Thread 0x0000000017efa800 1634       4       javax.swing.JComponent::contains (27 bytes)
Event: 5.326 Thread 0x0000000017efa800 nmethod 1634 0x00000000038c3050 code [0x00000000038c3180, 0x00000000038c3258]
Event: 5.326 Thread 0x0000000017f04800 nmethod 1632 0x00000000038cbed0 code [0x00000000038cc2e0, 0x00000000038ce8a8]
Event: 5.326 Thread 0x0000000017f04800 1635   !   3       java.awt.DefaultKeyboardFocusManager::dispatchEvent (1589 bytes)
Event: 5.344 Thread 0x0000000017f00000 1646       4       java.util.Arrays::binarySearch0 (95 bytes)

GC Heap History (2 events):
Event: 4.633 GC heap before
{Heap before GC invocations=1 (full 0):
 PSYoungGen      total 38400K, used 33280K [0x00000000d5f00000, 0x00000000d8980000, 0x0000000100000000)
  eden space 33280K, 100% used [0x00000000d5f00000,0x00000000d7f80000,0x00000000d7f80000)
  from space 5120K, 0% used [0x00000000d8480000,0x00000000d8480000,0x00000000d8980000)
  to   space 5120K, 0% used [0x00000000d7f80000,0x00000000d7f80000,0x00000000d8480000)
 ParOldGen       total 87552K, used 0K [0x0000000081c00000, 0x0000000087180000, 0x00000000d5f00000)
  object space 87552K, 0% used [0x0000000081c00000,0x0000000081c00000,0x0000000087180000)
 Metaspace       used 18812K, capacity 19046K, committed 19328K, reserved 1067008K
  class space    used 2293K, capacity 2391K, committed 2432K, reserved 1048576K
Event: 4.646 GC heap after
Heap after GC invocations=1 (full 0):
 PSYoungGen      total 38400K, used 5097K [0x00000000d5f00000, 0x00000000d8980000, 0x0000000100000000)
  eden space 33280K, 0% used [0x00000000d5f00000,0x00000000d5f00000,0x00000000d7f80000)
  from space 5120K, 99% used [0x00000000d7f80000,0x00000000d847a628,0x00000000d8480000)
  to   space 5120K, 0% used [0x00000000d8480000,0x00000000d8480000,0x00000000d8980000)
 ParOldGen       total 87552K, used 3668K [0x0000000081c00000, 0x0000000087180000, 0x00000000d5f00000)
  object space 87552K, 4% used [0x0000000081c00000,0x0000000081f953b8,0x0000000087180000)
 Metaspace       used 18812K, capacity 19046K, committed 19328K, reserved 1067008K
  class space    used 2293K, capacity 2391K, committed 2432K, reserved 1048576K
}

Deoptimization events (7 events):
Event: 0.448 Thread 0x0000000002d8e000 Uncommon trap: reason=unstable_if action=reinterpret pc=0x00000000035d6024 method=java.io.BufferedReader.read()I @ 19
Event: 0.862 Thread 0x0000000019ec4800 Uncommon trap: reason=class_check action=maybe_recompile pc=0x00000000034c0128 method=java.lang.String.equals(Ljava/lang/Object;)Z @ 8
Event: 0.862 Thread 0x0000000019ec4800 Uncommon trap: reason=class_check action=maybe_recompile pc=0x00000000034c0128 method=java.lang.String.equals(Ljava/lang/Object;)Z @ 8
Event: 0.960 Thread 0x0000000019ec4800 Uncommon trap: reason=class_check action=maybe_recompile pc=0x00000000034c0128 method=java.lang.String.equals(Ljava/lang/Object;)Z @ 8
Event: 0.960 Thread 0x0000000019ec4800 Uncommon trap: reason=class_check action=maybe_recompile pc=0x00000000034c0128 method=java.lang.String.equals(Ljava/lang/Object;)Z @ 8
Event: 4.140 Thread 0x0000000019ec4800 Uncommon trap: reason=class_check action=maybe_recompile pc=0x00000000037267a4 method=java.util.regex.Pattern$BmpCharProperty.match(Ljava/util/regex/Matcher;ILjava/lang/CharSequence;)Z @ 31
Event: 4.140 Thread 0x0000000019ec4800 Uncommon trap: reason=unstable_if action=reinterpret pc=0x0000000003726740 method=java.util.regex.Pattern$BmpCharProperty.match(Ljava/util/regex/Matcher;ILjava/lang/CharSequence;)Z @ 5

Classes redefined (0 events):
No events

Internal exceptions (10 events):
Event: 0.285 Thread 0x0000000002d8e000 Exception <a 'java/lang/NullPointerException'> (0x00000000d6386e40) thrown at [C:\re\workspace\8-2-build-windows-amd64-cygwin\jdk8u161\10277\hotspot\src\share\vm\interpreter\linkResolver.cpp, line 1185]
Event: 0.400 Thread 0x0000000002d8e000 Exception <a 'java/lang/ArrayIndexOutOfBoundsException'> (0x00000000d65bc740) thrown at [C:\re\workspace\8-2-build-windows-amd64-cygwin\jdk8u161\10277\hotspot\src\share\vm\runtime\sharedRuntime.cpp, line 605]
Event: 0.400 Thread 0x0000000002d8e000 Exception <a 'java/lang/ArrayIndexOutOfBoundsException'> (0x00000000d65bd4b8) thrown at [C:\re\workspace\8-2-build-windows-amd64-cygwin\jdk8u161\10277\hotspot\src\share\vm\runtime\sharedRuntime.cpp, line 605]
Event: 0.401 Thread 0x0000000002d8e000 Exception <a 'java/lang/ArrayIndexOutOfBoundsException'> (0x00000000d65be470) thrown at [C:\re\workspace\8-2-build-windows-amd64-cygwin\jdk8u161\10277\hotspot\src\share\vm\runtime\sharedRuntime.cpp, line 605]
Event: 0.402 Thread 0x0000000002d8e000 Exception <a 'java/lang/ArrayIndexOutOfBoundsException'> (0x00000000d65bfcd0) thrown at [C:\re\workspace\8-2-build-windows-amd64-cygwin\jdk8u161\10277\hotspot\src\share\vm\runtime\sharedRuntime.cpp, line 605]
Event: 0.412 Thread 0x0000000002d8e000 Exception <a 'java/lang/ArrayIndexOutOfBoundsException'> (0x00000000d65e5fe0) thrown at [C:\re\workspace\8-2-build-windows-amd64-cygwin\jdk8u161\10277\hotspot\src\share\vm\runtime\sharedRuntime.cpp, line 605]
Event: 0.413 Thread 0x0000000002d8e000 Exception <a 'java/lang/ArrayIndexOutOfBoundsException'> (0x00000000d65e7248) thrown at [C:\re\workspace\8-2-build-windows-amd64-cygwin\jdk8u161\10277\hotspot\src\share\vm\runtime\sharedRuntime.cpp, line 605]
Event: 0.413 Thread 0x0000000002d8e000 Exception <a 'java/lang/ArrayIndexOutOfBoundsException'> (0x00000000d65e8b30) thrown at [C:\re\workspace\8-2-build-windows-amd64-cygwin\jdk8u161\10277\hotspot\src\share\vm\runtime\sharedRuntime.cpp, line 605]
Event: 0.422 Thread 0x0000000002d8e000 Exception <a 'java/lang/ArrayIndexOutOfBoundsException'> (0x00000000d660edc8) thrown at [C:\re\workspace\8-2-build-windows-amd64-cygwin\jdk8u161\10277\hotspot\src\share\vm\runtime\sharedRuntime.cpp, line 605]
Event: 0.428 Thread 0x0000000002d8e000 Exception <a 'java/lang/ArrayIndexOutOfBoundsException'> (0x00000000d661cd38) thrown at [C:\re\workspace\8-2-build-windows-amd64-cygwin\jdk8u161\10277\hotspot\src\share\vm\runtime\sharedRuntime.cpp, line 605]

Events (10 events):
Event: 5.342 loading class sun/awt/geom/PathConsumer2D
Event: 5.342 loading class sun/awt/geom/PathConsumer2D done
Event: 5.342 loading class sun/java2d/pipe/ShapeSpanIterator done
Event: 5.343 loading class java/awt/geom/Path2D$Float$TxIterator
Event: 5.343 loading class java/awt/geom/Path2D$Float$TxIterator done
Event: 5.343 loading class java/awt/ColorPaintContext
Event: 5.343 loading class java/awt/ColorPaintContext done
Event: 5.343 loading class sun/java2d/pipe/RegionClipSpanIterator
Event: 5.343 loading class sun/java2d/pipe/RegionClipSpanIterator done
Event: 5.344 loading class sun/java2d/loops/Blit$GeneralMaskBlit


Dynamic libraries:
0x00007ff677370000 - 0x00007ff6773a7000 	E:\Java\bin\javaw.exe
0x00007ffce6940000 - 0x00007ffce6b30000 	C:\WINDOWS\SYSTEM32\ntdll.dll
0x00007ffce5650000 - 0x00007ffce5702000 	C:\WINDOWS\System32\KERNEL32.DLL
0x00007ffce39d0000 - 0x00007ffce3c73000 	C:\WINDOWS\System32\KERNELBASE.dll
0x00007ffce6320000 - 0x00007ffce63c3000 	C:\WINDOWS\System32\ADVAPI32.dll
0x00007ffce5370000 - 0x00007ffce540e000 	C:\WINDOWS\System32\msvcrt.dll
0x00007ffce59a0000 - 0x00007ffce5a37000 	C:\WINDOWS\System32\sechost.dll
0x00007ffce5a50000 - 0x00007ffce5b70000 	C:\WINDOWS\System32\RPCRT4.dll
0x00007ffce51c0000 - 0x00007ffce5354000 	C:\WINDOWS\System32\USER32.dll
0x00007ffce46f0000 - 0x00007ffce4711000 	C:\WINDOWS\System32\win32u.dll
0x00007ffce54e0000 - 0x00007ffce5506000 	C:\WINDOWS\System32\GDI32.dll
0x00007ffce4850000 - 0x00007ffce49e4000 	C:\WINDOWS\System32\gdi32full.dll
0x00007ffce3d80000 - 0x00007ffce3e1e000 	C:\WINDOWS\System32\msvcp_win.dll
0x00007ffce3c80000 - 0x00007ffce3d7a000 	C:\WINDOWS\System32\ucrtbase.dll
0x00007ffcd64c0000 - 0x00007ffcd6745000 	C:\WINDOWS\WinSxS\amd64_microsoft.windows.common-controls_6595b64144ccf1df_6.0.18362.778_none_e6c6b761130d4fb8\COMCTL32.dll
0x00007ffce65c0000 - 0x00007ffce68f6000 	C:\WINDOWS\System32\combase.dll
0x00007ffce3950000 - 0x00007ffce39d0000 	C:\WINDOWS\System32\bcryptPrimitives.dll
0x00007ffce5b70000 - 0x00007ffce5b9e000 	C:\WINDOWS\System32\IMM32.DLL
0x0000000054790000 - 0x0000000054862000 	E:\Java\bin\msvcr100.dll
0x0000000077220000 - 0x0000000077abf000 	E:\Java\bin\server\jvm.dll
0x00007ffce5a40000 - 0x00007ffce5a48000 	C:\WINDOWS\System32\PSAPI.DLL
0x00007ffccfa50000 - 0x00007ffccfa59000 	C:\WINDOWS\SYSTEM32\WSOCK32.dll
0x00007ffcda000000 - 0x00007ffcda024000 	C:\WINDOWS\SYSTEM32\WINMM.dll
0x00007ffce5c00000 - 0x00007ffce5c6f000 	C:\WINDOWS\System32\WS2_32.dll
0x00007ffcddbe0000 - 0x00007ffcddbea000 	C:\WINDOWS\SYSTEM32\VERSION.dll
0x00007ffcd9fb0000 - 0x00007ffcd9fdd000 	C:\WINDOWS\SYSTEM32\WINMMBASE.dll
0x00007ffce3900000 - 0x00007ffce394a000 	C:\WINDOWS\System32\cfgmgr32.dll
0x0000000054780000 - 0x000000005478f000 	E:\Java\bin\verify.dll
0x0000000054750000 - 0x0000000054779000 	E:\Java\bin\java.dll
0x0000000054730000 - 0x0000000054746000 	E:\Java\bin\zip.dll
0x00007ffce4ad0000 - 0x00007ffce51b5000 	C:\WINDOWS\System32\SHELL32.dll
0x00007ffce5510000 - 0x00007ffce55b9000 	C:\WINDOWS\System32\shcore.dll
0x00007ffce3f70000 - 0x00007ffce46f0000 	C:\WINDOWS\System32\windows.storage.dll
0x00007ffce38a0000 - 0x00007ffce38c3000 	C:\WINDOWS\System32\profapi.dll
0x00007ffce3850000 - 0x00007ffce389a000 	C:\WINDOWS\System32\powrprof.dll
0x00007ffce3800000 - 0x00007ffce3810000 	C:\WINDOWS\System32\UMPDC.dll
0x00007ffce49f0000 - 0x00007ffce4a42000 	C:\WINDOWS\System32\shlwapi.dll
0x00007ffce3830000 - 0x00007ffce3841000 	C:\WINDOWS\System32\kernel.appcore.dll
0x00007ffce4830000 - 0x00007ffce4847000 	C:\WINDOWS\System32\cryptsp.dll
0x00000000541a0000 - 0x0000000054338000 	E:\Java\bin\awt.dll
0x00007ffce5410000 - 0x00007ffce54d4000 	C:\WINDOWS\System32\OLEAUT32.dll
0x00007ffce19e0000 - 0x00007ffce1a6f000 	C:\WINDOWS\SYSTEM32\apphelp.dll
0x00007ffce2080000 - 0x00007ffce20ad000 	C:\WINDOWS\system32\DWMAPI.DLL
0x00007ffce1b80000 - 0x00007ffce1c19000 	C:\WINDOWS\system32\uxtheme.dll
0x00007ffccea10000 - 0x00007ffcceb66000 	C:\WINDOWS\system32\opengl32.dll
0x00007ffcddee0000 - 0x00007ffcddf0c000 	C:\WINDOWS\SYSTEM32\GLU32.dll
0x00007ffce24e0000 - 0x00007ffce2500000 	C:\WINDOWS\SYSTEM32\dxcore.dll
0x00007ffce63d0000 - 0x00007ffce6506000 	C:\WINDOWS\System32\MSCTF.dll
0x00007ffce5cf0000 - 0x00007ffce5e47000 	C:\WINDOWS\System32\ole32.dll
0x00000000546e0000 - 0x0000000054727000 	E:\Java\bin\fontmanager.dll
0x00007ffce6510000 - 0x00007ffce65b2000 	C:\WINDOWS\System32\clbcatq.dll
0x00007ffccef00000 - 0x00007ffccf0af000 	C:\WINDOWS\SYSTEM32\WindowsCodecs.dll
0x00007ffccd370000 - 0x00007ffccd3aa000 	C:\WINDOWS\system32\dataexchange.dll
0x00007ffce1250000 - 0x00007ffce142c000 	C:\WINDOWS\system32\dcomp.dll
0x00007ffce0ff0000 - 0x00007ffce124b000 	C:\WINDOWS\system32\d3d11.dll
0x00007ffce2500000 - 0x00007ffce25eb000 	C:\WINDOWS\system32\dxgi.dll
0x00007ffce1c20000 - 0x00007ffce1e7a000 	C:\WINDOWS\system32\twinapi.appcore.dll
0x00007ffce20b0000 - 0x00007ffce20d9000 	C:\WINDOWS\system32\RMCLIENT.dll
0x00007ffcda230000 - 0x00007ffcda2ce000 	C:\WINDOWS\System32\TextInputFramework.dll
0x00007ffce17d0000 - 0x00007ffce18a4000 	C:\WINDOWS\System32\CoreMessaging.dll
0x00007ffccf0b0000 - 0x00007ffccf3da000 	C:\WINDOWS\System32\CoreUIComponents.dll
0x00007ffce2860000 - 0x00007ffce2891000 	C:\WINDOWS\SYSTEM32\ntmarta.dll
0x00007ffcdff30000 - 0x00007ffce0083000 	C:\WINDOWS\SYSTEM32\wintypes.dll
0x00000000546b0000 - 0x00000000546ca000 	E:\Java\bin\net.dll
0x00007ffce3070000 - 0x00007ffce30d7000 	C:\WINDOWS\system32\mswsock.dll
0x0000000054690000 - 0x00000000546a1000 	E:\Java\bin\nio.dll
0x0000000054640000 - 0x0000000054682000 	E:\Java\bin\t2k.dll
0x00000000546d0000 - 0x00000000546dd000 	E:\Java\bin\management.dll
0x00007ffcd2760000 - 0x00007ffcd2a06000 	C:\WINDOWS\System32\iertutil.dll
0x00007ffcb0220000 - 0x00007ffcb02ef000 	C:\Windows\System32\IME\IMEKR\imkrtip.dll
0x00007ffcdfc40000 - 0x00007ffcdfd2f000 	C:\WINDOWS\SYSTEM32\PROPSYS.dll
0x00007ffcb00e0000 - 0x00007ffcb0219000 	C:\Windows\System32\IME\shared\imetip.dll
0x00007ffcd13d0000 - 0x00007ffcd1435000 	C:\WINDOWS\SYSTEM32\OLEACC.dll
0x00007ffcc46c0000 - 0x00007ffcc4873000 	C:\WINDOWS\SYSTEM32\DUI70.dll
0x00007ffcb00a0000 - 0x00007ffcb00dd000 	C:\Windows\System32\IME\IMEKR\imkrapi.dll
0x00007ffcb0060000 - 0x00007ffcb009c000 	C:\Windows\System32\IME\shared\imjkapi.dll
0x00007ffcc8d00000 - 0x00007ffcc8d16000 	C:\WINDOWS\system32\napinsp.dll
0x00007ffcc8ce0000 - 0x00007ffcc8cfa000 	C:\WINDOWS\system32\pnrpnsp.dll
0x00007ffce2dc0000 - 0x00007ffce2e8a000 	C:\WINDOWS\SYSTEM32\DNSAPI.dll
0x00007ffce57e0000 - 0x00007ffce57e8000 	C:\WINDOWS\System32\NSI.dll
0x00007ffce2d80000 - 0x00007ffce2dba000 	C:\WINDOWS\SYSTEM32\IPHLPAPI.DLL
0x00007ffcc8cd0000 - 0x00007ffcc8cde000 	C:\WINDOWS\System32\winrnr.dll
0x00007ffcde6b0000 - 0x00007ffcde6cc000 	C:\WINDOWS\system32\NLAapi.dll
0x00007ffcc8cb0000 - 0x00007ffcc8cc5000 	C:\WINDOWS\system32\wshbth.dll
0x00007ffcdaa90000 - 0x00007ffcdaa9a000 	C:\Windows\System32\rasadhlp.dll
0x00007ffcdd090000 - 0x00007ffcdd107000 	C:\WINDOWS\System32\fwpuclnt.dll
0x00007ffce38d0000 - 0x00007ffce38f6000 	C:\WINDOWS\System32\bcrypt.dll
0x0000000054610000 - 0x0000000054634000 	E:\Java\bin\sunec.dll
0x00007ffcdd820000 - 0x00007ffcdd836000 	C:\WINDOWS\SYSTEM32\dhcpcsvc6.DLL
0x00007ffcdd720000 - 0x00007ffcdd73c000 	C:\WINDOWS\SYSTEM32\dhcpcsvc.DLL
0x00007ffce2be0000 - 0x00007ffce2c13000 	C:\WINDOWS\system32\rsaenh.dll
0x00007ffce3720000 - 0x00007ffce3745000 	C:\WINDOWS\SYSTEM32\USERENV.dll
0x00007ffce3240000 - 0x00007ffce324c000 	C:\WINDOWS\SYSTEM32\CRYPTBASE.dll
0x00000000545d0000 - 0x0000000054601000 	E:\Java\bin\jpeg.dll

VM Arguments:
jvm_args: -Dfile.encoding=UTF-8 
java_command: t_teamproject.teamproject_02.temp.Main
java_class_path (initial): E:\eclipse-workspace\JavaBasic\JavaBasic\bin;E:\eclipse-workspace\JavaBasic\JavaBasic\src\l_lib\ojdbc6.jar
Launcher Type: SUN_STANDARD

Environment Variables:
JAVA_HOME=C:\Program Files\Java\jdk-12.0.2
PATH=C:/Program Files/Java/jdk-12.0.2/bin/server;C:/Program Files/Java/jdk-12.0.2/bin;E:\oraclexe\app\oracle\product\11.2.0\server\bin;c:\windows\system32;c:\windows;c:\windows\system32\wbem;c:\windows\system32\windowspowershell\v1.0\;c:\windows\system32\openssh\;c:\program files\dotnet\;c:\program files\microsoft sql server\130\tools\binn\;c:\program files\microsoft vs code\bin;c:\program files\nvidia corporation\nvidia nvdlisr;C:\Program Files\Java\jdk-12.0.2\bin;C:\Program Files (x86)\NVIDIA Corporation\PhysX\Common;E:\Android\sdk\platform-tools;C:\WINDOWS\system32;C:\WINDOWS;C:\WINDOWS\System32\Wbem;C:\WINDOWS\System32\WindowsPowerShell\v1.0\;C:\WINDOWS\System32\OpenSSH\;E:\Program Files\Git\cmd;E:\Program Files\apache-maven\apache-maven-3.6.3\bin;C:\Users\aaaaaa\Anaconda3;C:\Users\aaaaaa\Anaconda3\Library\mingw-w64\bin;C:\Users\aaaaaa\Anaconda3\Library\usr\bin;C:\Users\aaaaaa\Anaconda3\Library\bin;C:\Users\aaaaaa\Anaconda3\Scripts;C:\Users\aaaaaa\AppData\Local\Programs\Python\Python38-32\Scripts\;C:\Users\aaaaaa\AppData\Local\Programs\Python\Python38-32\;C:\Program Files\MySQL\MySQL Shell 8.0\bin\;C:\Users\aaaaaa\AppData\Local\Microsoft\WindowsApps;C:\WINDOWS\System32;
USERNAME=aaaaaa
OS=Windows_NT
PROCESSOR_IDENTIFIER=Intel64 Family 6 Model 158 Stepping 9, GenuineIntel



---------------  S Y S T E M  ---------------

OS: Windows 10.0 , 64 bit Build 18362 (10.0.18362.778)

CPU:total 4 (initial active 4) (2 cores per cpu, 2 threads per core) family 6 model 158 stepping 9, cmov, cx8, fxsr, mmx, sse, sse2, sse3, ssse3, sse4.1, sse4.2, popcnt, aes, clmul, erms, 3dnowpref, lzcnt, ht, tsc, tscinvbit

Memory: 4k page, physical 8269956k(812428k free), swap 16658564k(4104k free)

vm_info: Java HotSpot(TM) 64-Bit Server VM (25.161-b12) for windows-amd64 JRE (1.8.0_161-b12), built on Dec 19 2017 17:52:25 by "java_re" with MS VC++ 10.0 (VS2010)

time: Sat Apr 18 13:08:40 2020
elapsed time: 5 seconds (0d 0h 0m 5s)

